<?xml version="1.0" encoding="UTF-8"?>
<!-- Generated by org.testng.reporters.JUnitXMLReporter -->
<testsuite hostname="DESKTOP-L28IVB5" failures="0" tests="6" name="Default test" time="10.502" errors="0" timestamp="11 Feb 2022 14:35:02 GMT">
  <testcase classname="com.TestLayer.LoginPageTest" name="validateUsenameDisplayedStatus" time="0.126"/>
  <testcase classname="com.TestLayer.LoginPageTest" name="validateUsernameEnabledStatus" time="0.031"/>
  <testcase classname="com.TestLayer.LoginPageTest" name="validateUsernameTextBox" time="0.161"/>
  <testcase classname="com.TestLayer.LoginPageTest" name="validateUsernameEnteredValue" time="0.039"/>
  <testcase classname="com.TestLayer.LoginPageTest" name="validatePassword" time="0.259"/>
  <testcase classname="com.TestLayer.LoginPageTest" name="validateLoginButton" time="2.236"/>
</testsuite> <!-- Default test -->
