<?xml version="1.0" encoding="UTF-8"?>
<!-- Generated by org.testng.reporters.JUnitXMLReporter -->
<testsuite hostname="DESKTOP-L28IVB5" failures="1" tests="3"
	name="Test" time="0.099" errors="0" timestamp="2 Feb 2022 03:43:34 GMT">
	<testcase classname="com.TestLayer.Demo1" name="m1"
		time="0.035">
		<failure type="java.lang.AssertionError"
			message="expected [false] but found [true]">
      <![CDATA[java.lang.AssertionError: expected [false] but found [true]
	at com.TestLayer.Demo1.m1(Demo1.java:10)
... Removed 29 stack frames]]>
		</failure>
	</testcase> <!-- m1 -->
	<testcase classname="com.TestLayer.Demo1" name="m3"
		time="0.007" />
	<testcase classname="com.TestLayer.Demo1" name="m2"
		time="0.003">
		<skipped />
	</testcase> <!-- m2 -->
</testsuite> <!-- Test -->
