<?xml version="1.0" encoding="UTF-8"?>
<!-- Generated by org.testng.reporters.JUnitXMLReporter -->
<testsuite hostname="DESKTOP-L28IVB5" failures="1" tests="3"
	name="Login Page" time="0.142" errors="0"
	timestamp="2 Feb 2022 04:03:26 GMT">
	<testcase classname="com.TestLayer.sample1" name="m1"
		time="0.024">
		<failure type="java.lang.AssertionError"
			message="expected [false] but found [true]">
      <![CDATA[java.lang.AssertionError: expected [false] but found [true]
	at com.TestLayer.sample1.m1(sample1.java:10)
... Removed 29 stack frames]]>
		</failure>
	</testcase> <!-- m1 -->
	<testcase classname="com.TestLayer.sample1" name="m3"
		time="0.007" />
	<testcase classname="com.TestLayer.sample1" name="m2"
		time="0.009">
		<skipped />
	</testcase> <!-- m2 -->
</testsuite> <!-- Login Page -->
